c:\users\user\source\repos\commonconnectionpool\x64\debug\vc143.pdb
c:\users\user\source\repos\commonconnectionpool\x64\debug\vc143.idb
c:\users\user\source\repos\commonconnectionpool\x64\debug\main.obj
c:\users\user\source\repos\commonconnectionpool\x64\debug\connection.obj
c:\users\user\source\repos\commonconnectionpool\x64\debug\commonconnectionpool.obj
c:\users\user\source\repos\commonconnectionpool\x64\debug\pch.obj
c:\users\user\source\repos\commonconnectionpool\x64\debug\commonconnectionpool.pdb
c:\users\user\source\repos\commonconnectionpool\x64\debug\commonco.d11940b9.tlog\cl.command.1.tlog
c:\users\user\source\repos\commonconnectionpool\x64\debug\commonco.d11940b9.tlog\cl.items.tlog
c:\users\user\source\repos\commonconnectionpool\x64\debug\commonco.d11940b9.tlog\cl.read.1.tlog
c:\users\user\source\repos\commonconnectionpool\x64\debug\commonco.d11940b9.tlog\cl.write.1.tlog
c:\users\user\source\repos\commonconnectionpool\x64\debug\commonco.d11940b9.tlog\link-cvtres.read.1.tlog
c:\users\user\source\repos\commonconnectionpool\x64\debug\commonco.d11940b9.tlog\link-cvtres.write.1.tlog
c:\users\user\source\repos\commonconnectionpool\x64\debug\commonco.d11940b9.tlog\link-rc.read.1.tlog
c:\users\user\source\repos\commonconnectionpool\x64\debug\commonco.d11940b9.tlog\link-rc.write.1.tlog
c:\users\user\source\repos\commonconnectionpool\x64\debug\commonco.d11940b9.tlog\link.20524-cvtres.read.1.tlog
c:\users\user\source\repos\commonconnectionpool\x64\debug\commonco.d11940b9.tlog\link.20524-cvtres.write.1.tlog
c:\users\user\source\repos\commonconnectionpool\x64\debug\commonco.d11940b9.tlog\link.20524-rc.read.1.tlog
c:\users\user\source\repos\commonconnectionpool\x64\debug\commonco.d11940b9.tlog\link.20524-rc.write.1.tlog
c:\users\user\source\repos\commonconnectionpool\x64\debug\commonco.d11940b9.tlog\link.20524.read.1.tlog
c:\users\user\source\repos\commonconnectionpool\x64\debug\commonco.d11940b9.tlog\link.20524.read.2.tlog
c:\users\user\source\repos\commonconnectionpool\x64\debug\commonco.d11940b9.tlog\link.20524.write.1.tlog
c:\users\user\source\repos\commonconnectionpool\x64\debug\commonco.d11940b9.tlog\link.command.1.tlog
c:\users\user\source\repos\commonconnectionpool\x64\debug\commonco.d11940b9.tlog\link.read.1.tlog
c:\users\user\source\repos\commonconnectionpool\x64\debug\commonco.d11940b9.tlog\link.read.2.tlog
c:\users\user\source\repos\commonconnectionpool\x64\debug\commonco.d11940b9.tlog\link.write.1.tlog
